<?xml version="1.0" encoding="UTF-8"?>
<!-- Generated by org.testng.reporters.JUnitReportReporter -->
<testsuite hostname="Active38" failures="0" tests="1" name="api.payload.Get" time="1.891" errors="0" timestamp="2023-10-18T17:47:50 IST" skipped="0">
  <testcase classname="api.payload.Get" name="getTest" time="1.891"/>
</testsuite> <!-- api.payload.Get -->
