<?xml version="1.0" encoding="UTF-8"?>
<!-- Generated by org.testng.reporters.JUnitReportReporter -->
<testsuite hostname="Active38" failures="0" tests="1" name="testnglist.TestPom" time="66.338" errors="0" timestamp="2023-10-25T14:18:50 IST" skipped="0">
  <testcase classname="testnglist.TestPom" name="testng" time="66.338"/>
</testsuite> <!-- testnglist.TestPom -->
