<?xml version="1.0" encoding="UTF-8"?>
<!-- Generated by org.testng.reporters.JUnitReportReporter -->
<testsuite hostname="Active38" failures="0" tests="1" name="paralleltestng.Screenshot" time="8.054" errors="0" timestamp="2024-01-18T12:04:21 IST" skipped="0">
  <testcase classname="paralleltestng.Screenshot" name="screenSot" time="8.054"/>
</testsuite> <!-- paralleltestng.Screenshot -->
