<?xml version="1.0" encoding="UTF-8"?>
<!-- Generated by org.testng.reporters.JUnitReportReporter -->
<testsuite hostname="Active38" failures="0" tests="1" name="paralleltestng.TestParallel" time="63.815" errors="0" timestamp="2023-10-09T17:16:37 IST" skipped="0">
  <testcase classname="paralleltestng.TestParallel" name="testParallel1" time="63.815"/>
</testsuite> <!-- paralleltestng.TestParallel -->
